  StdAfx.cpp
  CodePage2Unicode.cpp
  In file included from ..\CodePage2Unicode.cpp:28:
../CodePage2Unicode.h(503,19): warning : comparison of unsigned expression >= 0 is always true [-Wtautological-compare]
          if(((code >= 0) && (code <= 31)) || (code == 127))
               ~~~~ ^  ~
../CodePage2Unicode.h(1338,34): warning : comparison of unsigned expression >= 0 is always true [-Wtautological-compare]
          bool bRet = (((charUtf32 >= UNICODE_MINIMUM) && (charUtf32 < UNICODE_HIGH_SURROGATE_START)) ||
                         ~~~~~~~~~ ^  ~~~~~~~~~~~~~~~
../CodePage2Unicode.h(1419,34): warning : comparison of unsigned expression >= 0 is always true [-Wtautological-compare]
          bool bRet = (((charUtf32 >= UNICODE_MINIMUM) && (charUtf32 <= 0x001FUL)) ||
                         ~~~~~~~~~ ^  ~~~~~~~~~~~~~~~
../CodePage2Unicode.h(1511,28): warning : equality comparison with extraneous parentheses [-Wparentheses-equality]
          else if((_charUtf8 == (unsigned char)UTF8_LEAD_BYTES6))
                   ~~~~~~~~~~^~~~~~~~~~~~~~~~~~~~~~~~~~~~~~~~~~
  ../CodePage2Unicode.h(1511,28) :  note: remove extraneous parentheses around the comparison to silence this warning
          else if((_charUtf8 == (unsigned char)UTF8_LEAD_BYTES6))
                  ~          ^                                 ~
  ../CodePage2Unicode.h(1511,28) :  note: use '=' to turn this equality comparison into an assignment
          else if((_charUtf8 == (unsigned char)UTF8_LEAD_BYTES6))
                             ^~
                             =
..\CodePage2Unicode.cpp(510,13): warning : reference cannot be bound to dereferenced null pointer in well-defined C++ code; comparison may be assumed to always evaluate to true [-Wtautological-undefined-compare]
      assert(&str != nullptr);
              ^~~    ~~~~~~~
  C:\Program Files (x86)\Windows Kits\10\Include\10.0.10240.0\ucrt\assert.h(33,17) :  note: expanded from macro 'assert'
              (!!(expression)) ||                                                              \
                  ^
..\CodePage2Unicode.cpp(536,13): warning : reference cannot be bound to dereferenced null pointer in well-defined C++ code; comparison may be assumed to always evaluate to true [-Wtautological-undefined-compare]
      assert(&str != nullptr);
              ^~~    ~~~~~~~
  C:\Program Files (x86)\Windows Kits\10\Include\10.0.10240.0\ucrt\assert.h(33,17) :  note: expanded from macro 'assert'
              (!!(expression)) ||                                                              \
                  ^
..\CodePage2Unicode.cpp(562,13): warning : reference cannot be bound to dereferenced null pointer in well-defined C++ code; comparison may be assumed to always evaluate to true [-Wtautological-undefined-compare]
      assert(&str != nullptr);
              ^~~    ~~~~~~~
  C:\Program Files (x86)\Windows Kits\10\Include\10.0.10240.0\ucrt\assert.h(33,17) :  note: expanded from macro 'assert'
              (!!(expression)) ||                                                              \
                  ^
..\CodePage2Unicode.cpp(588,13): warning : reference cannot be bound to dereferenced null pointer in well-defined C++ code; comparison may be assumed to always evaluate to true [-Wtautological-undefined-compare]
      assert(&str != nullptr);
              ^~~    ~~~~~~~
  C:\Program Files (x86)\Windows Kits\10\Include\10.0.10240.0\ucrt\assert.h(33,17) :  note: expanded from macro 'assert'
              (!!(expression)) ||                                                              \
                  ^
..\CodePage2Unicode.cpp(613,13): warning : reference cannot be bound to dereferenced null pointer in well-defined C++ code; comparison may be assumed to always evaluate to true [-Wtautological-undefined-compare]
      assert(&str != nullptr);
              ^~~    ~~~~~~~
  C:\Program Files (x86)\Windows Kits\10\Include\10.0.10240.0\ucrt\assert.h(33,17) :  note: expanded from macro 'assert'
              (!!(expression)) ||                                                              \
                  ^
..\CodePage2Unicode.cpp(638,13): warning : reference cannot be bound to dereferenced null pointer in well-defined C++ code; comparison may be assumed to always evaluate to true [-Wtautological-undefined-compare]
      assert(&str != nullptr);
              ^~~    ~~~~~~~
  C:\Program Files (x86)\Windows Kits\10\Include\10.0.10240.0\ucrt\assert.h(33,17) :  note: expanded from macro 'assert'
              (!!(expression)) ||                                                              \
                  ^
..\CodePage2Unicode.cpp(840,12): warning : 9 enumeration values not handled in switch: 'UNKNOWN', 'DOS_CP851', 'DOS_CP869'... [-Wswitch]
      switch(codePage)
             ^
..\CodePage2Unicode.cpp(1547,13): warning : reference cannot be bound to dereferenced null pointer in well-defined C++ code; comparison may be assumed to always evaluate to true [-Wtautological-undefined-compare]
      assert(&utf16String != nullptr);
              ^~~~~~~~~~~    ~~~~~~~
  C:\Program Files (x86)\Windows Kits\10\Include\10.0.10240.0\ucrt\assert.h(33,17) :  note: expanded from macro 'assert'
              (!!(expression)) ||                                                              \
                  ^
..\CodePage2Unicode.cpp(1588,13): warning : reference cannot be bound to dereferenced null pointer in well-defined C++ code; comparison may be assumed to always evaluate to true [-Wtautological-undefined-compare]
      assert(&utf32String != nullptr);
              ^~~~~~~~~~~    ~~~~~~~
  C:\Program Files (x86)\Windows Kits\10\Include\10.0.10240.0\ucrt\assert.h(33,17) :  note: expanded from macro 'assert'
              (!!(expression)) ||                                                              \
                  ^
..\CodePage2Unicode.cpp(1689,13): warning : reference cannot be bound to dereferenced null pointer in well-defined C++ code; comparison may be assumed to always evaluate to true [-Wtautological-undefined-compare]
      assert(&utf8String != nullptr);
              ^~~~~~~~~~    ~~~~~~~
  C:\Program Files (x86)\Windows Kits\10\Include\10.0.10240.0\ucrt\assert.h(33,17) :  note: expanded from macro 'assert'
              (!!(expression)) ||                                                              \
                  ^
  14 warnings generated.
  main.cpp
  In file included from ..\main.cpp:34:
../CodePage2Unicode.h(503,19): warning : comparison of unsigned expression >= 0 is always true [-Wtautological-compare]
          if(((code >= 0) && (code <= 31)) || (code == 127))
               ~~~~ ^  ~
../CodePage2Unicode.h(1338,34): warning : comparison of unsigned expression >= 0 is always true [-Wtautological-compare]
          bool bRet = (((charUtf32 >= UNICODE_MINIMUM) && (charUtf32 < UNICODE_HIGH_SURROGATE_START)) ||
                         ~~~~~~~~~ ^  ~~~~~~~~~~~~~~~
../CodePage2Unicode.h(1419,34): warning : comparison of unsigned expression >= 0 is always true [-Wtautological-compare]
          bool bRet = (((charUtf32 >= UNICODE_MINIMUM) && (charUtf32 <= 0x001FUL)) ||
                         ~~~~~~~~~ ^  ~~~~~~~~~~~~~~~
../CodePage2Unicode.h(1511,28): warning : equality comparison with extraneous parentheses [-Wparentheses-equality]
          else if((_charUtf8 == (unsigned char)UTF8_LEAD_BYTES6))
                   ~~~~~~~~~~^~~~~~~~~~~~~~~~~~~~~~~~~~~~~~~~~~
  ../CodePage2Unicode.h(1511,28) :  note: remove extraneous parentheses around the comparison to silence this warning
          else if((_charUtf8 == (unsigned char)UTF8_LEAD_BYTES6))
                  ~          ^                                 ~
  ../CodePage2Unicode.h(1511,28) :  note: use '=' to turn this equality comparison into an assignment
          else if((_charUtf8 == (unsigned char)UTF8_LEAD_BYTES6))
                             ^~
                             =
  4 warnings generated.
  CodePage2Unicode.vcxproj -> C:\Users\JCaetano\Documents\My Source Code\C e C++\ANSI\CodePage2Unicode\VS2015\Debug\CodePage2Unicode.exe
